<?xml version="1.0" encoding="UTF-8"?>
<!-- Generated by org.testng.reporters.JUnitReportReporter -->
<testsuite hostname="LAPTOP-A5G2S9C1" failures="0" tests="1" name="myClassTEst" time="0.006" errors="0" timestamp="2023-10-23T10:39:52 EEST" skipped="0">
  <testcase classname="myClassTEst" name="myTestOne" time="0.006"/>
</testsuite> <!-- myClassTEst -->
